→ Pulling Google Contacts → Markdown…
CREATE contacts/Mickey-McKeehan.md
CREATE contacts/Tyson-McKeehan.md
CREATE contacts/Lori-McKeehan.md
CREATE contacts/Marylenna-Honeycutt.md
CREATE contacts/Jon-Huber.md
CREATE contacts/Neal-KC4LU-Johnson.md
CREATE contacts/James-S.-Plank.md
CREATE contacts/Bob-Hart.md
CREATE contacts/Scott-Alley-KJ4MSS.md
CREATE contacts/Dewey-Torres.md
CREATE contacts/John-N4QEA-Moyers.md
CREATE contacts/Tim-Hogan.md
CREATE contacts/Joe-Lowenthall.md
CREATE contacts/Bill-Honeycutt.md
CREATE contacts/Dan-Bowen.md
CREATE contacts/John-AJ4HV-Trotter.md
CREATE contacts/Ron-K4TJY-Russell.md
CREATE contacts/Sean-Curtis.md
CREATE contacts/Moe-Brewer.md
CREATE contacts/Charles-Ballard-K4BAL.md
CREATE contacts/Tim-Free.md
CREATE contacts/Sam-Sweitzer.md
CREATE contacts/Victor-Basinger.md
CREATE contacts/Sean-Sauls.md
CREATE contacts/Hugh-W4VAB-Morgan.md
CREATE contacts/Brian-Bruce.md
CREATE contacts/Jim-Graham-AA0JE.md
CREATE contacts/David-J-Icove.md
CREATE contacts/Bobby-Williams.md
CREATE contacts/Andy-Kraus.md
CREATE contacts/Joey-A-Butler.md
CREATE contacts/Wes-McKeehan.md
CREATE contacts/William-McKeehan-KI4HDU-KI4HDU.md
CREATE contacts/William-McKeehan.md
CREATE contacts/Christine-Durbin.md
CREATE contacts/Larry-KB4ITS-Hensley.md
CREATE contacts/John-KD4DLU-Henderson.md
CREATE contacts/Rick-Breeden.md
CREATE contacts/Dan-Sisan.md
CREATE contacts/Kelly-Allen.md
CREATE contacts/Brandon-Pisani-KM4TBY.md
CREATE contacts/Ben-London.md
CREATE contacts/McClurg-Vision-Center.md
CREATE contacts/John-Tarapatala.md
CREATE contacts/Steve-Warren.md
CREATE contacts/David-McCammon-N4AER-N4AER.md
CREATE contacts/Jordan-Webb-K4AVG.md
CREATE contacts/Kevin-Malone.md
CREATE contacts/Benjamin-KJ4GMV-Crom.md
CREATE contacts/Doug-Harrill-KN4RYB.md
CREATE contacts/Ben-Bales.md
CREATE contacts/Robin-Harrill.md
CREATE contacts/Karen-K4RTW-Trotter.md
CREATE contacts/Roy-Walters.md
CREATE contacts/Jeff-Stath-KM4NEH-KM4NEH.md
CREATE contacts/Russell-Day.md
CREATE contacts/Dave-Kaun-N9KMY.md
CREATE contacts/Tom-Bumpus-KN4KK-KN4KK.md
CREATE contacts/Darrell-KA4TAR-Sperry.md
CREATE contacts/Ruben-Reusser.md
CREATE contacts/Cletus-Grissom.md
CREATE contacts/Marc-Forman.md
CREATE contacts/Brian-Saylor.md
CREATE contacts/Michelle-Silbiger.md
CREATE contacts/Greg-Williams.md
CREATE contacts/Ken-KB0ZTX-Johnson.md
CREATE contacts/Brian-Lenahan.md
CREATE contacts/John-Miller.md
CREATE contacts/James-KK4CJO-Young.md
CREATE contacts/Michelle-Johnson.md
CREATE contacts/Daniel-Weiss.md
CREATE contacts/Schraders-Cycle-Center.md
CREATE contacts/Zhu-Garden.md
CREATE contacts/Gregory-Martin.md
CREATE contacts/Mountain-Motorsports.md
CREATE contacts/John-Amos.md
CREATE contacts/Ray-Weeks.md
CREATE contacts/Paul-Gordon-Dentist.md
CREATE contacts/Night-Watchman-Glass-Repair.md
CREATE contacts/Larry-Dellinger.md
CREATE contacts/KEVIN-K4MCK-McCREADY.md
CREATE contacts/Randy-Cate.md
CREATE contacts/Don-Hooker.md
CREATE contacts/Douglas-Guyot-Chiropractic.md
CREATE contacts/Something-Special-Hair-By-Sharon.md
CREATE contacts/Violet-McKeehan.md
CREATE contacts/Jim-Hedegaard.md
CREATE contacts/British-Motor-SpecialistJohn.md
CREATE contacts/Chris-Hamman.md
CREATE contacts/Jason-Dellinger.md
CREATE contacts/Robin-Spagnola.md
CREATE contacts/Roger-Tooley.md
CREATE contacts/Lucy-McKeehan.md
CREATE contacts/Patriot-Dumpster-Rentals.md
CREATE contacts/HP-Support.md
CREATE contacts/Ashley-Furniture.md
CREATE contacts/Seatons-Automotive.md
CREATE contacts/Gena-Smith.md
CREATE contacts/Quality-Plumbing-Heating-Cooling.md
CREATE contacts/Ownby-Well-Pump-Service.md
CREATE contacts/Wade-Chandler.md
CREATE contacts/Kendra-Ellis.md
CREATE contacts/Carolyn-Hogan.md
CREATE contacts/martinperfectsensedigital.com.md
CREATE contacts/Joe-KG4UJC-Campbell.md
CREATE contacts/Daniel-Johnson.md
CREATE contacts/Jennifer-Strait-Cotten.md
CREATE contacts/Gary-AG4XO-Buczkowski.md
CREATE contacts/Brian-Smith.md
CREATE contacts/Tops-Septic-Service.md
CREATE contacts/Katy-Hill.md
CREATE contacts/Chinatown-Reataurant.md
CREATE contacts/Lynn-Brooks.md
CREATE contacts/Don-Mills-K1VX.md
CREATE contacts/Keith-Ward.md
CREATE contacts/Tony.md
CREATE contacts/Kenny-Davis.md
CREATE contacts/Roy-WA4BDS-Pollard.md
CREATE contacts/Phil-D-Goetz.md
CREATE contacts/Randy-Langel.md
CREATE contacts/MIXX-105.5.md
CREATE contacts/Appalichian-Electric-Company.md
CREATE contacts/David-Borum.md
CREATE contacts/Justin-Gay.md
CREATE contacts/Steve-Bardelmeier.md
CREATE contacts/Mike-Phelps.md
CREATE contacts/Scripps-Access.md
CREATE contacts/Ralph-Shiloh.md
CREATE contacts/J.-C.-Haun.md
CREATE contacts/Bruce-Whaley.md
CREATE contacts/Lowes-Credit-Card.md
CREATE contacts/Jim-AJ4NO-Snyder.md
CREATE contacts/Brian-Roberts.md
CREATE contacts/Alan-Jenkins.md
CREATE contacts/Dale-Spurgeon.md
CREATE contacts/Dale-Payne.md
CREATE contacts/Goforth-Tire.md
CREATE contacts/Matt-Vann.md
CREATE contacts/Tammy-Large.md
CREATE contacts/Jennifer-Perrotta.md
CREATE contacts/Gary-Welch.md
CREATE contacts/Tony-Beasly.md
CREATE contacts/Sherri-Dealer.md
CREATE contacts/Nave.md
CREATE contacts/Sonny-Parton.md
CREATE contacts/CVS-Pharmacy.md
CREATE contacts/Reece-AC-Guy.md
CREATE contacts/Kevin-Duplantis.md
CREATE contacts/Anita-Ogle.md
CREATE contacts/Josh-Tammie.md
CREATE contacts/Diddle.md
CREATE contacts/Betty-Smelzer.md
CREATE contacts/Jim-Davis.md
CREATE contacts/Tonya-Taylor.md
CREATE contacts/Jeremy-Langford.md
CREATE contacts/Karen-Long.md
CREATE contacts/Mike-Jones.md
CREATE contacts/Hertz-1-Gold.md
CREATE contacts/Chuck-K4KKH-Angel.md
CREATE contacts/Tom-Long.md
CREATE contacts/Kendra-Davis.md
CREATE contacts/Joe-Grayson.md
CREATE contacts/Steve-Cujo-Stuart.md
CREATE contacts/Google-411.md
CREATE contacts/Steve-K4CJX-Waterman.md
CREATE contacts/Bron-Hogan.md
CREATE contacts/Alf-KI4IHH-Dotson.md
CREATE contacts/ET4WD-WEBSITE.md
CREATE contacts/Russell-Ramsey.md
CREATE contacts/James-Temple.md
CREATE contacts/Jeff-McCarter.md
CREATE contacts/MR-Glass.md
CREATE contacts/Jason-Wallace.md
CREATE contacts/Michael-Farmer.md
CREATE contacts/Doug-KG4WLX-Gieser.md
CREATE contacts/Absolute-Embroidery.md
CREATE contacts/Jerry-Yares-W4JRY.md
CREATE contacts/David-KF4DKW-Weikert.md
CREATE contacts/Matthew-McKeehan.md
CREATE contacts/Northwest-WorldPerks.md
CREATE contacts/Scott-Pletcher.md
CREATE contacts/Marriott-Rewards.md
CREATE contacts/Ray-Trout.md
CREATE contacts/US-Airways-Dividend-Miles.md
CREATE contacts/Ty-Sherman.md
CREATE contacts/United-Airlines-Mileage-Plus.md
CREATE contacts/Hilton-HHonors.md
CREATE contacts/Paul-WO4U-DROTHLER.md
CREATE contacts/Rally-TN-Kendall.md
CREATE contacts/Jessicas-parents-Ogle.md
CREATE contacts/David-W4DDR-Ratledge.md
CREATE contacts/Sunshade-Window-Tint-Sevierville.md
CREATE contacts/YouTube-Upload.md
CREATE contacts/Randy.md
CREATE contacts/Justin-Long.md
CREATE contacts/Don.md
CREATE contacts/Hardin-Valley-Apiary.md
CREATE contacts/Loring-Kutchins.md
CREATE contacts/KJ4HPMWinlink.org.md
CREATE contacts/Autumn-Carter.md
CREATE contacts/lonnie-ward.md
CREATE contacts/Stephen-H.-Smith.md
CREATE contacts/Todd-Bernstein.md
CREATE contacts/Ray.md
CREATE contacts/George-Lane.md
CREATE contacts/East-Tennessee-Direction-Finding.md
CREATE contacts/JERRY-K-WHETSTONE.md
CREATE contacts/N4EWK-Jeff.md
CREATE contacts/UTARC-general-chat-list.md
CREATE contacts/Bob-KF4ETS-Jones.md
CREATE contacts/Bob-Bruninga.md
CREATE contacts/Donald-Parton.md
CREATE contacts/Gene-Hsiao.md
CREATE contacts/Madhan-Sundrham.md
CREATE contacts/American-Leak-Detection.md
CREATE contacts/Ellias-Palcu.md
CREATE contacts/peoplec8614492856578946871.md
CREATE contacts/Kirill-Plugin.md
CREATE contacts/Quynh-Nguyen.md
CREATE contacts/Haufen-von-Hundedrek.md
CREATE contacts/Tara-Nicholson.md
CREATE contacts/Andrew-Cowell.md
CREATE contacts/UBS.md
CREATE contacts/BMW-Assist.md
CREATE contacts/Scripps-Networks-Interactive.md
CREATE contacts/Allstate-Insurance-Agent.md
CREATE contacts/Chad-Kilpatrick.md
CREATE contacts/Weather-Alert.md
CREATE contacts/Neil.md
CREATE contacts/Craig-Tom-Jenkinson-WB7TLW.md
CREATE contacts/Ed-Cate-N4CFR.md
CREATE contacts/James-Hamlin-W7FKI-W7FKI.md
CREATE contacts/George-Roemer-W3GLR.md
CREATE contacts/Luis-Gonzalalez-KJ4OVI.md
CREATE contacts/Andy-Carter.md
CREATE contacts/Allergy-Asthma-and-Sinus-Center.md
CREATE contacts/Louis-Dreinhoefer-WB3JKQ.md
CREATE contacts/Jim-N4CFB-Norman.md
CREATE contacts/James-Byington-Quality-Plumbing.md
CREATE contacts/Town-Country-Animal-Hospital.md
CREATE contacts/Nathan-Lamb.md
CREATE contacts/Asia-Cafe.md
CREATE contacts/William-Gibbens-KI4EZM.md
CREATE contacts/Andy-Kriger.md
CREATE contacts/Jonathan-Culver.md
CREATE contacts/Christopher-Hall.md
CREATE contacts/Jim-Janisse.md
CREATE contacts/Nathan-Rische.md
CREATE contacts/Jason-Featheringham.md
CREATE contacts/Craig-Raymond.md
CREATE contacts/Nathan-Mcmurray.md
CREATE contacts/Harry-Bennett.md
CREATE contacts/Jon-Robinson.md
CREATE contacts/Sean-Youngberg.md
CREATE contacts/HackerThings.md
CREATE contacts/Jonathan.md
CREATE contacts/Rhonda-McKeehan.md
CREATE contacts/Jimmy-Stetzel.md
CREATE contacts/JUS-Property-Management.md
CREATE contacts/Joe-Campbell.md
CREATE contacts/Dave-K4YRK-Garner.md
CREATE contacts/Angela-Coffey-KG4DSP.md
CREATE contacts/Ashley-Rand.md
CREATE contacts/Mike-Billings.md
CREATE contacts/Merle-Growden-KD6FBT.md
CREATE contacts/Ed-Bradley.md
CREATE contacts/Kenneth-Gibson-KN4SHY.md
CREATE contacts/Tom-Keeble-K4TAK.md
CREATE contacts/Billy-Penley.md
CREATE contacts/Thomas-Sayers-II.md
CREATE contacts/Ron-Lauzon.md
CREATE contacts/Michael-E-Johns.md
CREATE contacts/Robert-Jolly.md
CREATE contacts/Heikki-Hannikainen.md
CREATE contacts/John-Krewson.md
UPDATE contacts/Jerry-Yares-W4JRY.md
CREATE contacts/Don-Moore-K4HVJ.md
CREATE contacts/Steve-Carpenter-K4DXV.md
CREATE contacts/Marty-Temple.md
CREATE contacts/John-Trotter-AJ4HV.md
CREATE contacts/S-Long.md
CREATE contacts/Scott-Wyrick.md
CREATE contacts/Allen-NIx.md
CREATE contacts/peoplec375364982818853719.md
CREATE contacts/Joe-OBOYLE.md
CREATE contacts/Cliff-Zipnick-KN4FGW-KE4FGA.md
CREATE contacts/T.REX-ARMS.md
CREATE contacts/Larry-Anderson-AL4B.md
CREATE contacts/Aaron-Sigler-KN4CMM.md
CREATE contacts/Jim-Snyder.md
CREATE contacts/Jim-and-Brenda.md
CREATE contacts/Barry-Brown-K4BLB-K4BLB.md
CREATE contacts/Tom-Stuart.md
CREATE contacts/Rhonda.md
CREATE contacts/Ramsey-Abbott-KO4DNO.md
CREATE contacts/Erika-Stevens.md
CREATE contacts/Roseann-Hanson.md
CREATE contacts/peoplec8655702342005135295.md
CREATE contacts/peoplec1665557789151152409.md
CREATE contacts/Byron-Hamby.md
CREATE contacts/Scott-Ownby.md
CREATE contacts/Dr-Quinn-Rahman.md
CREATE contacts/ImmersaCAD.md
CREATE contacts/Kristen-A.-McFarland.md
CREATE contacts/Endocrinology-Consultants.md
CREATE contacts/Grayson-Hyundai.md
CREATE contacts/Don-Marcos-Mexican-Restaurant.md
CREATE contacts/James-Viars.md
CREATE contacts/Tim-N4TLM-Montgomery.md
CREATE contacts/Aurora-Pool-Spa-Billiard.md
CREATE contacts/Food-City-Pharmacy.md
CREATE contacts/Sharron-Fritts-W4WIF.md
CREATE contacts/Found-A-Pearl.md
CREATE contacts/Lori-Yount.md
CREATE contacts/Seth-King.md
CREATE contacts/Stonegate-Companion-Animal.md
CREATE contacts/Ricks-Service-Center.md
CREATE contacts/Christie-Eberhardt.md
CREATE contacts/Candice-Drewry.md
CREATE contacts/Lori-Michaels.md
CREATE contacts/Post-Office.md
CREATE contacts/Diaspora.md
CREATE contacts/Rip-W3RIP-Noel.md
CREATE contacts/Big-O-Tires.md
CREATE contacts/Marcus-Sheppard.md
CREATE contacts/Chris-Wood.md
CREATE contacts/Amy-Hartford.md
CREATE contacts/Andrew-Lawson-N2AL-N2AL.md
CREATE contacts/Tripp-Shewmake-III.md
CREATE contacts/peoplec6247924563384783960.md
CREATE contacts/peoplec5259566439999687441.md
CREATE contacts/peoplec2853052487694486423.md
CREATE contacts/Trilight-Support.md
CREATE contacts/Fares-Schlank.md
CREATE contacts/David-Hoffman-KE4FGW.md
CREATE contacts/Eric-Franks-KK4DKW.md
CREATE contacts/American-Excavating.md
CREATE contacts/Gwen-Anderson.md
CREATE contacts/Damien-Eversmann.md
CREATE contacts/BOB-WILSON-KK4XA.md
CREATE contacts/Kent-Galbraith.md
CREATE contacts/Clark-WD4CM-Measels.md
CREATE contacts/Seth-Honey.md
CREATE contacts/peoplec4477502040453438379.md
CREATE contacts/Marlon-Davey.md
CREATE contacts/Brooks-Herring.md
CREATE contacts/Carroll-W4DCL-Lupton.md
CREATE contacts/Bill-KF4TY-Greene.md
CREATE contacts/Edward-McGuire.md
CREATE contacts/Shawn-Stoddard.md
CREATE contacts/Tim-WB4GBI-Berry.md
CREATE contacts/Gaston-Gonzalez.md
CREATE contacts/Pavan-Ginjupalli.md
CREATE contacts/Gutters-And-More.md
CREATE contacts/Erin-Daily.md
CREATE contacts/Paul-Galentine-W4LSM-W4LSM.md
CREATE contacts/Mike-Coffey.md
CREATE contacts/Justin-Bennett.md
CREATE contacts/Owen-Poveda-WD4OTI.md
CREATE contacts/Ricky-Carnes-AI4SI.md
CREATE contacts/Scott-Miller.md
CREATE contacts/Trilight.md
CREATE contacts/Hal-Weeden.md
CREATE contacts/Nirvana.md
CREATE contacts/Jason-Blaylock.md
CREATE contacts/Dale-Treece.md
CREATE contacts/Eric-Rymers.md
CREATE contacts/Bill-Vodall.md
CREATE contacts/Daniel-Williams-KN4GMC.md
CREATE contacts/Rajesh-Mahajan.md
CREATE contacts/Andy-Cowell.md
CREATE contacts/Angela-Barker.md
CREATE contacts/N.-Lynn-Taylor.md
CREATE contacts/Richard-Stephens-KC2ROQ.md
CREATE contacts/Knoxville-Dermatology-Group.md
CREATE contacts/Felix-Staud.md
CREATE contacts/PagerDuty-Outgoing-Numbers.md
CREATE contacts/Leah.md
CREATE contacts/Mark-Hager.md
CREATE contacts/Dewayne-Siddon.md
CREATE contacts/Angela-Montgomery-N4RPR.md
CREATE contacts/Billy-Davenport.md
CREATE contacts/Alan-Pepsny.md
CREATE contacts/Butch-Seaton.md
CREATE contacts/Rick-Coffey-KF4QVI.md
CREATE contacts/Scott-Jean-Duckworth.md
CREATE contacts/Angela-KG4DSP-Coffee.md
CREATE contacts/Jeremy-Wells.md
CREATE contacts/Levi-Case-Montgomery.md
CREATE contacts/Ty-Christian-Montgomery.md
CREATE contacts/Renea-McKeehan-Montgomery.md

── Sync report (pull) ──────────────────────
  Created:   390
  Updated:   1
  Unchanged: 0
  Deleted:   0
  Warnings:  0
  Errors:    0

